valledelsol-android/android/app/build/intermediates/manifest_merge_blame_file/debug/processDebugMainManifest/manifest-merger-blame-debug-report.txt
1<?xml version="1.0" encoding="utf-8"?>
2<manifest xmlns:android="http://schemas.android.com/apk/res/android"
3    package="com.vallesol.app"
4    android:versionCode="1"
5    android:versionName="1.0" >
6
7    <uses-sdk
8        android:minSdkVersion="24"
9        android:targetSdkVersion="37" />
10
11    <!-- Permissions -->
12
13    <uses-permission android:name="android.permission.INTERNET" />
13-->src\main\AndroidManifest.xml:42:5-67
13-->src\main\AndroidManifest.xml:42:22-64
14    <uses-permission android:name="android.permission.ACCESS_FINE_LOCATION" />
14-->src\main\AndroidManifest.xml:43:5-79
14-->src\main\AndroidManifest.xml:43:22-76
15    <uses-permission android:name="android.permission.ACCESS_COARSE_LOCATION" />
15-->src\main\AndroidManifest.xml:44:5-81
15-->src\main\AndroidManifest.xml:44:22-78
16    <uses-permission android:name="android.permission.CAMERA" />
16-->src\main\AndroidManifest.xml:45:5-65
16-->src\main\AndroidManifest.xml:45:22-62
17    <uses-permission android:name="android.permission.READ_MEDIA_IMAGES" />
17-->src\main\AndroidManifest.xml:46:5-76
17-->src\main\AndroidManifest.xml:46:22-73
18    <uses-permission android:name="android.permission.READ_MEDIA_VIDEO" />
18-->src\main\AndroidManifest.xml:47:5-75
18-->src\main\AndroidManifest.xml:47:22-72
19    <uses-permission
19-->src\main\AndroidManifest.xml:48:5-107
20        android:name="android.permission.READ_EXTERNAL_STORAGE"
20-->src\main\AndroidManifest.xml:48:22-77
21        android:maxSdkVersion="32" />
21-->src\main\AndroidManifest.xml:48:78-104
22
23    <uses-feature
23-->src\main\AndroidManifest.xml:49:5-85
24        android:name="android.hardware.camera"
24-->src\main\AndroidManifest.xml:49:19-57
25        android:required="false" />
25-->src\main\AndroidManifest.xml:49:58-82
26
27    <queries>
27-->[:capacitor-camera] AndroidManifest.xml:7:5-17:15
28        <intent>
28-->[:capacitor-camera] AndroidManifest.xml:8:9-10:18
29            <action android:name="android.media.action.IMAGE_CAPTURE" />
29-->[:capacitor-camera] AndroidManifest.xml:9:13-73
29-->[:capacitor-camera] AndroidManifest.xml:9:21-70
30        </intent>
31        <intent>
31-->[:capacitor-camera] AndroidManifest.xml:11:9-13:18
32            <action android:name="android.intent.action.GET_CONTENT" />
32-->[:capacitor-camera] AndroidManifest.xml:12:13-72
32-->[:capacitor-camera] AndroidManifest.xml:12:21-69
33        </intent>
34        <intent>
34-->[:capacitor-camera] AndroidManifest.xml:14:9-16:18
35            <action android:name="android.intent.action.PICK" />
35-->[:capacitor-camera] AndroidManifest.xml:15:13-65
35-->[:capacitor-camera] AndroidManifest.xml:15:21-62
36        </intent>
37    </queries>
38
39    <uses-permission android:name="android.permission.VIBRATE" />
39-->[:capacitor-haptics] AndroidManifest.xml:7:5-66
39-->[:capacitor-haptics] AndroidManifest.xml:7:22-63
40    <uses-permission android:name="android.permission.RECEIVE_BOOT_COMPLETED" />
40-->[:capacitor-local-notifications] AndroidManifest.xml:7:5-81
40-->[:capacitor-local-notifications] AndroidManifest.xml:7:22-78
41    <uses-permission android:name="android.permission.WAKE_LOCK" />
41-->[:capacitor-local-notifications] AndroidManifest.xml:8:5-68
41-->[:capacitor-local-notifications] AndroidManifest.xml:8:22-65
42    <uses-permission android:name="android.permission.POST_NOTIFICATIONS" />
42-->[:capacitor-local-notifications] AndroidManifest.xml:9:5-77
42-->[:capacitor-local-notifications] AndroidManifest.xml:9:22-74
43    <uses-permission android:name="android.permission.ACCESS_NETWORK_STATE" />
43-->[io.ionic.libs:iongeolocation-android:2.2.0] AndroidManifest.xml:7:5-79
43-->[io.ionic.libs:iongeolocation-android:2.2.0] AndroidManifest.xml:7:22-76
44
45    <permission
45-->[androidx.core:core:1.17.0] AndroidManifest.xml:22:5-24:47
46        android:name="com.vallesol.app.DYNAMIC_RECEIVER_NOT_EXPORTED_PERMISSION"
46-->[androidx.core:core:1.17.0] AndroidManifest.xml:23:9-81
47        android:protectionLevel="signature" />
47-->[androidx.core:core:1.17.0] AndroidManifest.xml:24:9-44
48
49    <uses-permission android:name="com.vallesol.app.DYNAMIC_RECEIVER_NOT_EXPORTED_PERMISSION" />
49-->[androidx.core:core:1.17.0] AndroidManifest.xml:26:5-97
49-->[androidx.core:core:1.17.0] AndroidManifest.xml:26:22-94
50
51    <application
51-->src\main\AndroidManifest.xml:4:5-38:19
52        android:allowBackup="true"
52-->src\main\AndroidManifest.xml:5:9-35
53        android:appComponentFactory="androidx.core.app.CoreComponentFactory"
53-->[androidx.core:core:1.17.0] AndroidManifest.xml:28:18-86
54        android:debuggable="true"
55        android:extractNativeLibs="false"
56        android:icon="@mipmap/ic_launcher"
56-->src\main\AndroidManifest.xml:6:9-43
57        android:label="@string/app_name"
57-->src\main\AndroidManifest.xml:7:9-41
58        android:networkSecurityConfig="@xml/network_security_config"
58-->src\main\AndroidManifest.xml:12:9-69
59        android:requestLegacyExternalStorage="true"
59-->[io.ionic.libs:ioncamera-android:1.0.1] AndroidManifest.xml:8:18-61
60        android:roundIcon="@mipmap/ic_launcher_round"
60-->src\main\AndroidManifest.xml:8:9-54
61        android:supportsRtl="true"
61-->src\main\AndroidManifest.xml:9:9-35
62        android:testOnly="true"
63        android:theme="@style/AppTheme"
63-->src\main\AndroidManifest.xml:10:9-40
64        android:usesCleartextTraffic="true" >
64-->src\main\AndroidManifest.xml:11:9-44
65        <activity
65-->src\main\AndroidManifest.xml:14:9-27:20
66            android:name="com.vallesol.app.MainActivity"
66-->src\main\AndroidManifest.xml:16:13-41
67            android:configChanges="orientation|keyboardHidden|keyboard|screenSize|locale|smallestScreenSize|screenLayout|uiMode|navigation|density"
67-->src\main\AndroidManifest.xml:15:13-148
68            android:exported="true"
68-->src\main\AndroidManifest.xml:20:13-36
69            android:label="@string/title_activity_main"
69-->src\main\AndroidManifest.xml:17:13-56
70            android:launchMode="singleTask"
70-->src\main\AndroidManifest.xml:19:13-44
71            android:theme="@style/AppTheme.NoActionBarLaunch" >
71-->src\main\AndroidManifest.xml:18:13-62
72            <intent-filter>
72-->src\main\AndroidManifest.xml:22:13-25:29
73                <action android:name="android.intent.action.MAIN" />
73-->src\main\AndroidManifest.xml:23:17-69
73-->src\main\AndroidManifest.xml:23:25-66
74
75                <category android:name="android.intent.category.LAUNCHER" />
75-->src\main\AndroidManifest.xml:24:17-77
75-->src\main\AndroidManifest.xml:24:27-74
76            </intent-filter>
77        </activity>
78
79        <provider
80            android:name="androidx.core.content.FileProvider"
80-->src\main\AndroidManifest.xml:30:13-62
81            android:authorities="com.vallesol.app.fileprovider"
81-->src\main\AndroidManifest.xml:31:13-64
82            android:exported="false"
82-->src\main\AndroidManifest.xml:32:13-37
83            android:grantUriPermissions="true" >
83-->src\main\AndroidManifest.xml:33:13-47
84            <meta-data
84-->src\main\AndroidManifest.xml:34:13-36:64
85                android:name="android.support.FILE_PROVIDER_PATHS"
85-->src\main\AndroidManifest.xml:35:17-67
86                android:resource="@xml/file_paths" />
86-->src\main\AndroidManifest.xml:36:17-51
87        </provider>
88
89        <receiver android:name="com.capacitorjs.plugins.localnotifications.TimedNotificationPublisher" />
89-->[:capacitor-local-notifications] AndroidManifest.xml:12:9-106
89-->[:capacitor-local-notifications] AndroidManifest.xml:12:19-103
90        <receiver android:name="com.capacitorjs.plugins.localnotifications.NotificationDismissReceiver" />
90-->[:capacitor-local-notifications] AndroidManifest.xml:13:9-107
90-->[:capacitor-local-notifications] AndroidManifest.xml:13:19-104
91        <receiver
91-->[:capacitor-local-notifications] AndroidManifest.xml:14:9-23:20
92            android:name="com.capacitorjs.plugins.localnotifications.LocalNotificationRestoreReceiver"
92-->[:capacitor-local-notifications] AndroidManifest.xml:15:13-103
93            android:directBootAware="true"
93-->[:capacitor-local-notifications] AndroidManifest.xml:16:13-43
94            android:exported="false" >
94-->[:capacitor-local-notifications] AndroidManifest.xml:17:13-37
95            <intent-filter>
95-->[:capacitor-local-notifications] AndroidManifest.xml:18:13-22:29
96                <action android:name="android.intent.action.LOCKED_BOOT_COMPLETED" />
96-->[:capacitor-local-notifications] AndroidManifest.xml:19:17-86
96-->[:capacitor-local-notifications] AndroidManifest.xml:19:25-83
97                <action android:name="android.intent.action.BOOT_COMPLETED" />
97-->[:capacitor-local-notifications] AndroidManifest.xml:20:17-79
97-->[:capacitor-local-notifications] AndroidManifest.xml:20:25-76
98                <action android:name="android.intent.action.QUICKBOOT_POWERON" />
98-->[:capacitor-local-notifications] AndroidManifest.xml:21:17-82
98-->[:capacitor-local-notifications] AndroidManifest.xml:21:25-79
99            </intent-filter>
100        </receiver>
101
102        <activity
102-->[io.ionic.libs:ioncamera-android:1.0.1] AndroidManifest.xml:9:9-11:86
103            android:name="io.ionic.libs.ioncameralib.view.IONCAMRLoadingActivity"
103-->[io.ionic.libs:ioncamera-android:1.0.1] AndroidManifest.xml:10:13-82
104            android:theme="@android:style/Theme.Translucent.NoTitleBar.Fullscreen" />
104-->[io.ionic.libs:ioncamera-android:1.0.1] AndroidManifest.xml:11:13-83
105        <activity
105-->[io.ionic.libs:ioncamera-android:1.0.1] AndroidManifest.xml:12:9-16:36
106            android:name="io.ionic.libs.ioncameralib.view.IONCAMRImageEditorActivity"
106-->[io.ionic.libs:ioncamera-android:1.0.1] AndroidManifest.xml:13:13-86
107            android:enableOnBackInvokedCallback="true"
107-->[io.ionic.libs:ioncamera-android:1.0.1] AndroidManifest.xml:14:13-55
108            android:theme="@android:style/Theme.Black.NoTitleBar" />
108-->[io.ionic.libs:ioncamera-android:1.0.1] AndroidManifest.xml:15:13-66
109        <activity
109-->[io.ionic.libs:ioncamera-android:1.0.1] AndroidManifest.xml:17:9-20:86
110            android:name="io.ionic.libs.ioncameralib.view.IONCAMROpenPhotoPickerActivity"
110-->[io.ionic.libs:ioncamera-android:1.0.1] AndroidManifest.xml:18:13-90
111            android:exported="false"
111-->[io.ionic.libs:ioncamera-android:1.0.1] AndroidManifest.xml:19:13-37
112            android:theme="@android:style/Theme.Translucent.NoTitleBar.Fullscreen" /> <!-- Trigger Google Play services to install the backported photo picker module. -->
112-->[io.ionic.libs:ioncamera-android:1.0.1] AndroidManifest.xml:20:13-83
113        <service
113-->[io.ionic.libs:ioncamera-android:1.0.1] AndroidManifest.xml:22:9-34:19
114            android:name="com.google.android.gms.metadata.ModuleDependencies"
114-->[io.ionic.libs:ioncamera-android:1.0.1] AndroidManifest.xml:23:13-78
115            android:enabled="false"
115-->[io.ionic.libs:ioncamera-android:1.0.1] AndroidManifest.xml:24:13-36
116            android:exported="false" >
116-->[io.ionic.libs:ioncamera-android:1.0.1] AndroidManifest.xml:25:13-37
117            <intent-filter>
117-->[io.ionic.libs:ioncamera-android:1.0.1] AndroidManifest.xml:27:13-29:29
118                <action android:name="com.google.android.gms.metadata.MODULE_DEPENDENCIES" />
118-->[io.ionic.libs:ioncamera-android:1.0.1] AndroidManifest.xml:28:17-94
118-->[io.ionic.libs:ioncamera-android:1.0.1] AndroidManifest.xml:28:25-91
119            </intent-filter>
120
121            <meta-data
121-->[io.ionic.libs:ioncamera-android:1.0.1] AndroidManifest.xml:31:13-33:36
122                android:name="photopicker_activity:0:required"
122-->[io.ionic.libs:ioncamera-android:1.0.1] AndroidManifest.xml:32:17-63
123                android:value="" />
123-->[io.ionic.libs:ioncamera-android:1.0.1] AndroidManifest.xml:33:17-33
124        </service>
125
126        <provider
126-->[io.ionic.libs:ioncamera-android:1.0.1] AndroidManifest.xml:36:9-44:20
127            android:name="io.ionic.libs.ioncameralib.IONCAMRFileProvider"
127-->[io.ionic.libs:ioncamera-android:1.0.1] AndroidManifest.xml:37:13-74
128            android:authorities="com.vallesol.app.camera.provider"
128-->[io.ionic.libs:ioncamera-android:1.0.1] AndroidManifest.xml:38:13-67
129            android:exported="false"
129-->[io.ionic.libs:ioncamera-android:1.0.1] AndroidManifest.xml:39:13-37
130            android:grantUriPermissions="true" >
130-->[io.ionic.libs:ioncamera-android:1.0.1] AndroidManifest.xml:40:13-47
131            <meta-data
131-->src\main\AndroidManifest.xml:34:13-36:64
132                android:name="android.support.FILE_PROVIDER_PATHS"
132-->src\main\AndroidManifest.xml:35:17-67
133                android:resource="@xml/ioncamera_paths" />
133-->src\main\AndroidManifest.xml:36:17-51
134        </provider>
135
136        <activity
136-->[com.google.android.gms:play-services-base:18.5.0] AndroidManifest.xml:5:9-173
137            android:name="com.google.android.gms.common.api.GoogleApiActivity"
137-->[com.google.android.gms:play-services-base:18.5.0] AndroidManifest.xml:5:19-85
138            android:exported="false"
138-->[com.google.android.gms:play-services-base:18.5.0] AndroidManifest.xml:5:146-170
139            android:theme="@android:style/Theme.Translucent.NoTitleBar" />
139-->[com.google.android.gms:play-services-base:18.5.0] AndroidManifest.xml:5:86-145
140
141        <provider
141-->[androidx.emoji2:emoji2:1.3.0] AndroidManifest.xml:24:9-32:20
142            android:name="androidx.startup.InitializationProvider"
142-->[androidx.emoji2:emoji2:1.3.0] AndroidManifest.xml:25:13-67
143            android:authorities="com.vallesol.app.androidx-startup"
143-->[androidx.emoji2:emoji2:1.3.0] AndroidManifest.xml:26:13-68
144            android:exported="false" >
144-->[androidx.emoji2:emoji2:1.3.0] AndroidManifest.xml:27:13-37
145            <meta-data
145-->[androidx.emoji2:emoji2:1.3.0] AndroidManifest.xml:29:13-31:52
146                android:name="androidx.emoji2.text.EmojiCompatInitializer"
146-->[androidx.emoji2:emoji2:1.3.0] AndroidManifest.xml:30:17-75
147                android:value="androidx.startup" />
147-->[androidx.emoji2:emoji2:1.3.0] AndroidManifest.xml:31:17-49
148            <meta-data
148-->[androidx.lifecycle:lifecycle-process:2.6.2] AndroidManifest.xml:29:13-31:52
149                android:name="androidx.lifecycle.ProcessLifecycleInitializer"
149-->[androidx.lifecycle:lifecycle-process:2.6.2] AndroidManifest.xml:30:17-78
150                android:value="androidx.startup" />
150-->[androidx.lifecycle:lifecycle-process:2.6.2] AndroidManifest.xml:31:17-49
151            <meta-data
151-->[androidx.profileinstaller:profileinstaller:1.4.0] AndroidManifest.xml:29:13-31:52
152                android:name="androidx.profileinstaller.ProfileInstallerInitializer"
152-->[androidx.profileinstaller:profileinstaller:1.4.0] AndroidManifest.xml:30:17-85
153                android:value="androidx.startup" />
153-->[androidx.profileinstaller:profileinstaller:1.4.0] AndroidManifest.xml:31:17-49
154        </provider>
155        <!--
156        Service for holding metadata. Cannot be instantiated.
157        Metadata will be merged from other manifests.
158        -->
159        <service
159-->[androidx.camera:camera-core:1.4.2] AndroidManifest.xml:29:9-33:78
160            android:name="androidx.camera.core.impl.MetadataHolderService"
160-->[androidx.camera:camera-core:1.4.2] AndroidManifest.xml:30:13-75
161            android:enabled="false"
161-->[androidx.camera:camera-core:1.4.2] AndroidManifest.xml:31:13-36
162            android:exported="false" />
162-->[androidx.camera:camera-core:1.4.2] AndroidManifest.xml:32:13-37
163
164        <meta-data
164-->[com.google.android.gms:play-services-basement:18.4.0] AndroidManifest.xml:6:9-122
165            android:name="com.google.android.gms.version"
165-->[com.google.android.gms:play-services-basement:18.4.0] AndroidManifest.xml:6:20-65
166            android:value="@integer/google_play_services_version" />
166-->[com.google.android.gms:play-services-basement:18.4.0] AndroidManifest.xml:6:66-119
167
168        <receiver
168-->[androidx.profileinstaller:profileinstaller:1.4.0] AndroidManifest.xml:34:9-52:20
169            android:name="androidx.profileinstaller.ProfileInstallReceiver"
169-->[androidx.profileinstaller:profileinstaller:1.4.0] AndroidManifest.xml:35:13-76
170            android:directBootAware="false"
170-->[androidx.profileinstaller:profileinstaller:1.4.0] AndroidManifest.xml:36:13-44
171            android:enabled="true"
171-->[androidx.profileinstaller:profileinstaller:1.4.0] AndroidManifest.xml:37:13-35
172            android:exported="true"
172-->[androidx.profileinstaller:profileinstaller:1.4.0] AndroidManifest.xml:38:13-36
173            android:permission="android.permission.DUMP" >
173-->[androidx.profileinstaller:profileinstaller:1.4.0] AndroidManifest.xml:39:13-57
174            <intent-filter>
174-->[androidx.profileinstaller:profileinstaller:1.4.0] AndroidManifest.xml:40:13-42:29
175                <action android:name="androidx.profileinstaller.action.INSTALL_PROFILE" />
175-->[androidx.profileinstaller:profileinstaller:1.4.0] AndroidManifest.xml:41:17-91
175-->[androidx.profileinstaller:profileinstaller:1.4.0] AndroidManifest.xml:41:25-88
176            </intent-filter>
177            <intent-filter>
177-->[androidx.profileinstaller:profileinstaller:1.4.0] AndroidManifest.xml:43:13-45:29
178                <action android:name="androidx.profileinstaller.action.SKIP_FILE" />
178-->[androidx.profileinstaller:profileinstaller:1.4.0] AndroidManifest.xml:44:17-85
178-->[androidx.profileinstaller:profileinstaller:1.4.0] AndroidManifest.xml:44:25-82
179            </intent-filter>
180            <intent-filter>
180-->[androidx.profileinstaller:profileinstaller:1.4.0] AndroidManifest.xml:46:13-48:29
181                <action android:name="androidx.profileinstaller.action.SAVE_PROFILE" />
181-->[androidx.profileinstaller:profileinstaller:1.4.0] AndroidManifest.xml:47:17-88
181-->[androidx.profileinstaller:profileinstaller:1.4.0] AndroidManifest.xml:47:25-85
182            </intent-filter>
183            <intent-filter>
183-->[androidx.profileinstaller:profileinstaller:1.4.0] AndroidManifest.xml:49:13-51:29
184                <action android:name="androidx.profileinstaller.action.BENCHMARK_OPERATION" />
184-->[androidx.profileinstaller:profileinstaller:1.4.0] AndroidManifest.xml:50:17-95
184-->[androidx.profileinstaller:profileinstaller:1.4.0] AndroidManifest.xml:50:25-92
185            </intent-filter>
186        </receiver>
187    </application>
188
189</manifest>